<?xml version="1.0" encoding="UTF-8"?>
<testsuite xmlns:xsi="http://www.w3.org/2001/XMLSchema-instance" xsi:noNamespaceSchemaLocation="https://maven.apache.org/surefire/maven-surefire-plugin/xsd/surefire-test-report.xsd" name="com.example.springcloudconfigserver.SpringCloudConfigServerApplicationTests" time="2.917" tests="1" errors="0" skipped="0" failures="0">
  <properties>
    <property name="gopherProxySet" value="false"/>
    <property name="awt.toolkit" value="sun.lwawt.macosx.LWCToolkit"/>
    <property name="file.encoding.pkg" value="sun.io"/>
    <property name="java.specification.version" value="1.8"/>
    <property name="sun.cpu.isalist" value=""/>
    <property name="sun.jnu.encoding" value="UTF-8"/>
    <property name="java.class.path" value="/Users/osh/project/spring-cloud-config-server/target/test-classes:/Users/osh/project/spring-cloud-config-server/target/classes:/Users/osh/.m2/repository/org/springframework/cloud/spring-cloud-config-server/3.0.6/spring-cloud-config-server-3.0.6.jar:/Users/osh/.m2/repository/org/springframework/cloud/spring-cloud-config-client/3.0.6/spring-cloud-config-client-3.0.6.jar:/Users/osh/.m2/repository/org/springframework/boot/spring-boot-autoconfigure/2.5.9-SNAPSHOT/spring-boot-autoconfigure-2.5.9-SNAPSHOT.jar:/Users/osh/.m2/repository/org/springframework/cloud/spring-cloud-commons/3.0.5/spring-cloud-commons-3.0.5.jar:/Users/osh/.m2/repository/org/springframework/cloud/spring-cloud-context/3.0.5/spring-cloud-context-3.0.5.jar:/Users/osh/.m2/repository/org/springframework/spring-web/5.3.15/spring-web-5.3.15.jar:/Users/osh/.m2/repository/org/springframework/spring-beans/5.3.15/spring-beans-5.3.15.jar:/Users/osh/.m2/repository/com/fasterxml/jackson/core/jackson-annotations/2.12.6/jackson-annotations-2.12.6.jar:/Users/osh/.m2/repository/com/fasterxml/jackson/core/jackson-databind/2.12.6/jackson-databind-2.12.6.jar:/Users/osh/.m2/repository/org/apache/httpcomponents/httpclient/4.5.13/httpclient-4.5.13.jar:/Users/osh/.m2/repository/commons-codec/commons-codec/1.15/commons-codec-1.15.jar:/Users/osh/.m2/repository/org/springframework/boot/spring-boot-starter-web/2.5.9-SNAPSHOT/spring-boot-starter-web-2.5.9-SNAPSHOT.jar:/Users/osh/.m2/repository/org/springframework/boot/spring-boot-starter-json/2.5.9-SNAPSHOT/spring-boot-starter-json-2.5.9-SNAPSHOT.jar:/Users/osh/.m2/repository/com/fasterxml/jackson/datatype/jackson-datatype-jdk8/2.12.6/jackson-datatype-jdk8-2.12.6.jar:/Users/osh/.m2/repository/com/fasterxml/jackson/datatype/jackson-datatype-jsr310/2.12.6/jackson-datatype-jsr310-2.12.6.jar:/Users/osh/.m2/repository/com/fasterxml/jackson/module/jackson-module-parameter-names/2.12.6/jackson-module-parameter-names-2.12.6.jar:/Users/osh/.m2/repository/org/springframework/boot/spring-boot-starter-tomcat/2.5.9-SNAPSHOT/spring-boot-starter-tomcat-2.5.9-SNAPSHOT.jar:/Users/osh/.m2/repository/org/apache/tomcat/embed/tomcat-embed-core/9.0.56/tomcat-embed-core-9.0.56.jar:/Users/osh/.m2/repository/org/apache/tomcat/embed/tomcat-embed-websocket/9.0.56/tomcat-embed-websocket-9.0.56.jar:/Users/osh/.m2/repository/org/springframework/spring-webmvc/5.3.15/spring-webmvc-5.3.15.jar:/Users/osh/.m2/repository/org/springframework/spring-aop/5.3.15/spring-aop-5.3.15.jar:/Users/osh/.m2/repository/org/springframework/spring-context/5.3.15/spring-context-5.3.15.jar:/Users/osh/.m2/repository/org/springframework/spring-expression/5.3.15/spring-expression-5.3.15.jar:/Users/osh/.m2/repository/org/springframework/boot/spring-boot-starter-validation/2.5.9-SNAPSHOT/spring-boot-starter-validation-2.5.9-SNAPSHOT.jar:/Users/osh/.m2/repository/org/apache/tomcat/embed/tomcat-embed-el/9.0.56/tomcat-embed-el-9.0.56.jar:/Users/osh/.m2/repository/org/hibernate/validator/hibernate-validator/6.2.0.Final/hibernate-validator-6.2.0.Final.jar:/Users/osh/.m2/repository/jakarta/validation/jakarta.validation-api/2.0.2/jakarta.validation-api-2.0.2.jar:/Users/osh/.m2/repository/org/jboss/logging/jboss-logging/3.4.3.Final/jboss-logging-3.4.3.Final.jar:/Users/osh/.m2/repository/com/fasterxml/classmate/1.5.1/classmate-1.5.1.jar:/Users/osh/.m2/repository/org/springframework/security/spring-security-crypto/5.5.4/spring-security-crypto-5.5.4.jar:/Users/osh/.m2/repository/org/springframework/security/spring-security-rsa/1.0.10.RELEASE/spring-security-rsa-1.0.10.RELEASE.jar:/Users/osh/.m2/repository/org/bouncycastle/bcpkix-jdk15on/1.68/bcpkix-jdk15on-1.68.jar:/Users/osh/.m2/repository/org/bouncycastle/bcprov-jdk15on/1.68/bcprov-jdk15on-1.68.jar:/Users/osh/.m2/repository/org/eclipse/jgit/org.eclipse.jgit/5.1.3.201810200350-r/org.eclipse.jgit-5.1.3.201810200350-r.jar:/Users/osh/.m2/repository/com/jcraft/jsch/0.1.55/jsch-0.1.55.jar:/Users/osh/.m2/repository/com/jcraft/jzlib/1.1.1/jzlib-1.1.1.jar:/Users/osh/.m2/repository/com/googlecode/javaewah/JavaEWAH/1.1.6/JavaEWAH-1.1.6.jar:/Users/osh/.m2/repository/org/slf4j/slf4j-api/1.7.33/slf4j-api-1.7.33.jar:/Users/osh/.m2/repository/org/eclipse/jgit/org.eclipse.jgit.http.apache/5.1.3.201810200350-r/org.eclipse.jgit.http.apache-5.1.3.201810200350-r.jar:/Users/osh/.m2/repository/org/apache/httpcomponents/httpcore/4.4.15/httpcore-4.4.15.jar:/Users/osh/.m2/repository/org/yaml/snakeyaml/1.28/snakeyaml-1.28.jar:/Users/osh/.m2/repository/com/fasterxml/jackson/dataformat/jackson-dataformat-yaml/2.12.6/jackson-dataformat-yaml-2.12.6.jar:/Users/osh/.m2/repository/com/fasterxml/jackson/core/jackson-core/2.12.6/jackson-core-2.12.6.jar:/Users/osh/.m2/repository/org/springframework/boot/spring-boot-starter-test/2.5.9-SNAPSHOT/spring-boot-starter-test-2.5.9-SNAPSHOT.jar:/Users/osh/.m2/repository/org/springframework/boot/spring-boot-starter/2.5.9-SNAPSHOT/spring-boot-starter-2.5.9-SNAPSHOT.jar:/Users/osh/.m2/repository/org/springframework/boot/spring-boot/2.5.9-SNAPSHOT/spring-boot-2.5.9-SNAPSHOT.jar:/Users/osh/.m2/repository/org/springframework/boot/spring-boot-starter-logging/2.5.9-SNAPSHOT/spring-boot-starter-logging-2.5.9-SNAPSHOT.jar:/Users/osh/.m2/repository/ch/qos/logback/logback-classic/1.2.10/logback-classic-1.2.10.jar:/Users/osh/.m2/repository/ch/qos/logback/logback-core/1.2.10/logback-core-1.2.10.jar:/Users/osh/.m2/repository/org/apache/logging/log4j/log4j-to-slf4j/2.17.1/log4j-to-slf4j-2.17.1.jar:/Users/osh/.m2/repository/org/apache/logging/log4j/log4j-api/2.17.1/log4j-api-2.17.1.jar:/Users/osh/.m2/repository/org/slf4j/jul-to-slf4j/1.7.33/jul-to-slf4j-1.7.33.jar:/Users/osh/.m2/repository/jakarta/annotation/jakarta.annotation-api/1.3.5/jakarta.annotation-api-1.3.5.jar:/Users/osh/.m2/repository/org/springframework/boot/spring-boot-test/2.5.9-SNAPSHOT/spring-boot-test-2.5.9-SNAPSHOT.jar:/Users/osh/.m2/repository/org/springframework/boot/spring-boot-test-autoconfigure/2.5.9-SNAPSHOT/spring-boot-test-autoconfigure-2.5.9-SNAPSHOT.jar:/Users/osh/.m2/repository/com/jayway/jsonpath/json-path/2.5.0/json-path-2.5.0.jar:/Users/osh/.m2/repository/net/minidev/json-smart/2.4.7/json-smart-2.4.7.jar:/Users/osh/.m2/repository/net/minidev/accessors-smart/2.4.7/accessors-smart-2.4.7.jar:/Users/osh/.m2/repository/org/ow2/asm/asm/9.1/asm-9.1.jar:/Users/osh/.m2/repository/jakarta/xml/bind/jakarta.xml.bind-api/2.3.3/jakarta.xml.bind-api-2.3.3.jar:/Users/osh/.m2/repository/jakarta/activation/jakarta.activation-api/1.2.2/jakarta.activation-api-1.2.2.jar:/Users/osh/.m2/repository/org/assertj/assertj-core/3.19.0/assertj-core-3.19.0.jar:/Users/osh/.m2/repository/org/hamcrest/hamcrest/2.2/hamcrest-2.2.jar:/Users/osh/.m2/repository/org/junit/jupiter/junit-jupiter/5.7.2/junit-jupiter-5.7.2.jar:/Users/osh/.m2/repository/org/junit/jupiter/junit-jupiter-api/5.7.2/junit-jupiter-api-5.7.2.jar:/Users/osh/.m2/repository/org/apiguardian/apiguardian-api/1.1.0/apiguardian-api-1.1.0.jar:/Users/osh/.m2/repository/org/opentest4j/opentest4j/1.2.0/opentest4j-1.2.0.jar:/Users/osh/.m2/repository/org/junit/platform/junit-platform-commons/1.7.2/junit-platform-commons-1.7.2.jar:/Users/osh/.m2/repository/org/junit/jupiter/junit-jupiter-params/5.7.2/junit-jupiter-params-5.7.2.jar:/Users/osh/.m2/repository/org/junit/jupiter/junit-jupiter-engine/5.7.2/junit-jupiter-engine-5.7.2.jar:/Users/osh/.m2/repository/org/junit/platform/junit-platform-engine/1.7.2/junit-platform-engine-1.7.2.jar:/Users/osh/.m2/repository/org/mockito/mockito-core/3.9.0/mockito-core-3.9.0.jar:/Users/osh/.m2/repository/net/bytebuddy/byte-buddy/1.10.22/byte-buddy-1.10.22.jar:/Users/osh/.m2/repository/net/bytebuddy/byte-buddy-agent/1.10.22/byte-buddy-agent-1.10.22.jar:/Users/osh/.m2/repository/org/objenesis/objenesis/3.2/objenesis-3.2.jar:/Users/osh/.m2/repository/org/mockito/mockito-junit-jupiter/3.9.0/mockito-junit-jupiter-3.9.0.jar:/Users/osh/.m2/repository/org/skyscreamer/jsonassert/1.5.0/jsonassert-1.5.0.jar:/Users/osh/.m2/repository/com/vaadin/external/google/android-json/0.0.20131108.vaadin1/android-json-0.0.20131108.vaadin1.jar:/Users/osh/.m2/repository/org/springframework/spring-core/5.3.15/spring-core-5.3.15.jar:/Users/osh/.m2/repository/org/springframework/spring-jcl/5.3.15/spring-jcl-5.3.15.jar:/Users/osh/.m2/repository/org/springframework/spring-test/5.3.15/spring-test-5.3.15.jar:/Users/osh/.m2/repository/org/xmlunit/xmlunit-core/2.8.4/xmlunit-core-2.8.4.jar:"/>
    <property name="java.vm.vendor" value="Amazon.com Inc."/>
    <property name="sun.arch.data.model" value="64"/>
    <property name="java.vendor.url" value="https://aws.amazon.com/corretto/"/>
    <property name="user.timezone" value=""/>
    <property name="java.vm.specification.version" value="1.8"/>
    <property name="os.name" value="Mac OS X"/>
    <property name="user.country" value="KR"/>
    <property name="sun.java.launcher" value="SUN_STANDARD"/>
    <property name="sun.boot.library.path" value="/Library/Java/JavaVirtualMachines/amazon-corretto-8.jdk/Contents/Home/jre/lib"/>
    <property name="sun.java.command" value="/Users/osh/project/spring-cloud-config-server/target/surefire/surefirebooter5165117737859031564.jar /Users/osh/project/spring-cloud-config-server/target/surefire 2022-01-17T14-31-03_290-jvmRun1 surefire7567510299554114209tmp surefire_02743565357942032805tmp"/>
    <property name="http.nonProxyHosts" value="local|*.local|169.254/16|*.169.254/16"/>
    <property name="surefire.test.class.path" value="/Users/osh/project/spring-cloud-config-server/target/test-classes:/Users/osh/project/spring-cloud-config-server/target/classes:/Users/osh/.m2/repository/org/springframework/cloud/spring-cloud-config-server/3.0.6/spring-cloud-config-server-3.0.6.jar:/Users/osh/.m2/repository/org/springframework/cloud/spring-cloud-config-client/3.0.6/spring-cloud-config-client-3.0.6.jar:/Users/osh/.m2/repository/org/springframework/boot/spring-boot-autoconfigure/2.5.9-SNAPSHOT/spring-boot-autoconfigure-2.5.9-SNAPSHOT.jar:/Users/osh/.m2/repository/org/springframework/cloud/spring-cloud-commons/3.0.5/spring-cloud-commons-3.0.5.jar:/Users/osh/.m2/repository/org/springframework/cloud/spring-cloud-context/3.0.5/spring-cloud-context-3.0.5.jar:/Users/osh/.m2/repository/org/springframework/spring-web/5.3.15/spring-web-5.3.15.jar:/Users/osh/.m2/repository/org/springframework/spring-beans/5.3.15/spring-beans-5.3.15.jar:/Users/osh/.m2/repository/com/fasterxml/jackson/core/jackson-annotations/2.12.6/jackson-annotations-2.12.6.jar:/Users/osh/.m2/repository/com/fasterxml/jackson/core/jackson-databind/2.12.6/jackson-databind-2.12.6.jar:/Users/osh/.m2/repository/org/apache/httpcomponents/httpclient/4.5.13/httpclient-4.5.13.jar:/Users/osh/.m2/repository/commons-codec/commons-codec/1.15/commons-codec-1.15.jar:/Users/osh/.m2/repository/org/springframework/boot/spring-boot-starter-web/2.5.9-SNAPSHOT/spring-boot-starter-web-2.5.9-SNAPSHOT.jar:/Users/osh/.m2/repository/org/springframework/boot/spring-boot-starter-json/2.5.9-SNAPSHOT/spring-boot-starter-json-2.5.9-SNAPSHOT.jar:/Users/osh/.m2/repository/com/fasterxml/jackson/datatype/jackson-datatype-jdk8/2.12.6/jackson-datatype-jdk8-2.12.6.jar:/Users/osh/.m2/repository/com/fasterxml/jackson/datatype/jackson-datatype-jsr310/2.12.6/jackson-datatype-jsr310-2.12.6.jar:/Users/osh/.m2/repository/com/fasterxml/jackson/module/jackson-module-parameter-names/2.12.6/jackson-module-parameter-names-2.12.6.jar:/Users/osh/.m2/repository/org/springframework/boot/spring-boot-starter-tomcat/2.5.9-SNAPSHOT/spring-boot-starter-tomcat-2.5.9-SNAPSHOT.jar:/Users/osh/.m2/repository/org/apache/tomcat/embed/tomcat-embed-core/9.0.56/tomcat-embed-core-9.0.56.jar:/Users/osh/.m2/repository/org/apache/tomcat/embed/tomcat-embed-websocket/9.0.56/tomcat-embed-websocket-9.0.56.jar:/Users/osh/.m2/repository/org/springframework/spring-webmvc/5.3.15/spring-webmvc-5.3.15.jar:/Users/osh/.m2/repository/org/springframework/spring-aop/5.3.15/spring-aop-5.3.15.jar:/Users/osh/.m2/repository/org/springframework/spring-context/5.3.15/spring-context-5.3.15.jar:/Users/osh/.m2/repository/org/springframework/spring-expression/5.3.15/spring-expression-5.3.15.jar:/Users/osh/.m2/repository/org/springframework/boot/spring-boot-starter-validation/2.5.9-SNAPSHOT/spring-boot-starter-validation-2.5.9-SNAPSHOT.jar:/Users/osh/.m2/repository/org/apache/tomcat/embed/tomcat-embed-el/9.0.56/tomcat-embed-el-9.0.56.jar:/Users/osh/.m2/repository/org/hibernate/validator/hibernate-validator/6.2.0.Final/hibernate-validator-6.2.0.Final.jar:/Users/osh/.m2/repository/jakarta/validation/jakarta.validation-api/2.0.2/jakarta.validation-api-2.0.2.jar:/Users/osh/.m2/repository/org/jboss/logging/jboss-logging/3.4.3.Final/jboss-logging-3.4.3.Final.jar:/Users/osh/.m2/repository/com/fasterxml/classmate/1.5.1/classmate-1.5.1.jar:/Users/osh/.m2/repository/org/springframework/security/spring-security-crypto/5.5.4/spring-security-crypto-5.5.4.jar:/Users/osh/.m2/repository/org/springframework/security/spring-security-rsa/1.0.10.RELEASE/spring-security-rsa-1.0.10.RELEASE.jar:/Users/osh/.m2/repository/org/bouncycastle/bcpkix-jdk15on/1.68/bcpkix-jdk15on-1.68.jar:/Users/osh/.m2/repository/org/bouncycastle/bcprov-jdk15on/1.68/bcprov-jdk15on-1.68.jar:/Users/osh/.m2/repository/org/eclipse/jgit/org.eclipse.jgit/5.1.3.201810200350-r/org.eclipse.jgit-5.1.3.201810200350-r.jar:/Users/osh/.m2/repository/com/jcraft/jsch/0.1.55/jsch-0.1.55.jar:/Users/osh/.m2/repository/com/jcraft/jzlib/1.1.1/jzlib-1.1.1.jar:/Users/osh/.m2/repository/com/googlecode/javaewah/JavaEWAH/1.1.6/JavaEWAH-1.1.6.jar:/Users/osh/.m2/repository/org/slf4j/slf4j-api/1.7.33/slf4j-api-1.7.33.jar:/Users/osh/.m2/repository/org/eclipse/jgit/org.eclipse.jgit.http.apache/5.1.3.201810200350-r/org.eclipse.jgit.http.apache-5.1.3.201810200350-r.jar:/Users/osh/.m2/repository/org/apache/httpcomponents/httpcore/4.4.15/httpcore-4.4.15.jar:/Users/osh/.m2/repository/org/yaml/snakeyaml/1.28/snakeyaml-1.28.jar:/Users/osh/.m2/repository/com/fasterxml/jackson/dataformat/jackson-dataformat-yaml/2.12.6/jackson-dataformat-yaml-2.12.6.jar:/Users/osh/.m2/repository/com/fasterxml/jackson/core/jackson-core/2.12.6/jackson-core-2.12.6.jar:/Users/osh/.m2/repository/org/springframework/boot/spring-boot-starter-test/2.5.9-SNAPSHOT/spring-boot-starter-test-2.5.9-SNAPSHOT.jar:/Users/osh/.m2/repository/org/springframework/boot/spring-boot-starter/2.5.9-SNAPSHOT/spring-boot-starter-2.5.9-SNAPSHOT.jar:/Users/osh/.m2/repository/org/springframework/boot/spring-boot/2.5.9-SNAPSHOT/spring-boot-2.5.9-SNAPSHOT.jar:/Users/osh/.m2/repository/org/springframework/boot/spring-boot-starter-logging/2.5.9-SNAPSHOT/spring-boot-starter-logging-2.5.9-SNAPSHOT.jar:/Users/osh/.m2/repository/ch/qos/logback/logback-classic/1.2.10/logback-classic-1.2.10.jar:/Users/osh/.m2/repository/ch/qos/logback/logback-core/1.2.10/logback-core-1.2.10.jar:/Users/osh/.m2/repository/org/apache/logging/log4j/log4j-to-slf4j/2.17.1/log4j-to-slf4j-2.17.1.jar:/Users/osh/.m2/repository/org/apache/logging/log4j/log4j-api/2.17.1/log4j-api-2.17.1.jar:/Users/osh/.m2/repository/org/slf4j/jul-to-slf4j/1.7.33/jul-to-slf4j-1.7.33.jar:/Users/osh/.m2/repository/jakarta/annotation/jakarta.annotation-api/1.3.5/jakarta.annotation-api-1.3.5.jar:/Users/osh/.m2/repository/org/springframework/boot/spring-boot-test/2.5.9-SNAPSHOT/spring-boot-test-2.5.9-SNAPSHOT.jar:/Users/osh/.m2/repository/org/springframework/boot/spring-boot-test-autoconfigure/2.5.9-SNAPSHOT/spring-boot-test-autoconfigure-2.5.9-SNAPSHOT.jar:/Users/osh/.m2/repository/com/jayway/jsonpath/json-path/2.5.0/json-path-2.5.0.jar:/Users/osh/.m2/repository/net/minidev/json-smart/2.4.7/json-smart-2.4.7.jar:/Users/osh/.m2/repository/net/minidev/accessors-smart/2.4.7/accessors-smart-2.4.7.jar:/Users/osh/.m2/repository/org/ow2/asm/asm/9.1/asm-9.1.jar:/Users/osh/.m2/repository/jakarta/xml/bind/jakarta.xml.bind-api/2.3.3/jakarta.xml.bind-api-2.3.3.jar:/Users/osh/.m2/repository/jakarta/activation/jakarta.activation-api/1.2.2/jakarta.activation-api-1.2.2.jar:/Users/osh/.m2/repository/org/assertj/assertj-core/3.19.0/assertj-core-3.19.0.jar:/Users/osh/.m2/repository/org/hamcrest/hamcrest/2.2/hamcrest-2.2.jar:/Users/osh/.m2/repository/org/junit/jupiter/junit-jupiter/5.7.2/junit-jupiter-5.7.2.jar:/Users/osh/.m2/repository/org/junit/jupiter/junit-jupiter-api/5.7.2/junit-jupiter-api-5.7.2.jar:/Users/osh/.m2/repository/org/apiguardian/apiguardian-api/1.1.0/apiguardian-api-1.1.0.jar:/Users/osh/.m2/repository/org/opentest4j/opentest4j/1.2.0/opentest4j-1.2.0.jar:/Users/osh/.m2/repository/org/junit/platform/junit-platform-commons/1.7.2/junit-platform-commons-1.7.2.jar:/Users/osh/.m2/repository/org/junit/jupiter/junit-jupiter-params/5.7.2/junit-jupiter-params-5.7.2.jar:/Users/osh/.m2/repository/org/junit/jupiter/junit-jupiter-engine/5.7.2/junit-jupiter-engine-5.7.2.jar:/Users/osh/.m2/repository/org/junit/platform/junit-platform-engine/1.7.2/junit-platform-engine-1.7.2.jar:/Users/osh/.m2/repository/org/mockito/mockito-core/3.9.0/mockito-core-3.9.0.jar:/Users/osh/.m2/repository/net/bytebuddy/byte-buddy/1.10.22/byte-buddy-1.10.22.jar:/Users/osh/.m2/repository/net/bytebuddy/byte-buddy-agent/1.10.22/byte-buddy-agent-1.10.22.jar:/Users/osh/.m2/repository/org/objenesis/objenesis/3.2/objenesis-3.2.jar:/Users/osh/.m2/repository/org/mockito/mockito-junit-jupiter/3.9.0/mockito-junit-jupiter-3.9.0.jar:/Users/osh/.m2/repository/org/skyscreamer/jsonassert/1.5.0/jsonassert-1.5.0.jar:/Users/osh/.m2/repository/com/vaadin/external/google/android-json/0.0.20131108.vaadin1/android-json-0.0.20131108.vaadin1.jar:/Users/osh/.m2/repository/org/springframework/spring-core/5.3.15/spring-core-5.3.15.jar:/Users/osh/.m2/repository/org/springframework/spring-jcl/5.3.15/spring-jcl-5.3.15.jar:/Users/osh/.m2/repository/org/springframework/spring-test/5.3.15/spring-test-5.3.15.jar:/Users/osh/.m2/repository/org/xmlunit/xmlunit-core/2.8.4/xmlunit-core-2.8.4.jar:"/>
    <property name="sun.cpu.endian" value="little"/>
    <property name="user.home" value="/Users/osh"/>
    <property name="user.language" value="ko"/>
    <property name="java.specification.vendor" value="Oracle Corporation"/>
    <property name="java.home" value="/Library/Java/JavaVirtualMachines/amazon-corretto-8.jdk/Contents/Home/jre"/>
    <property name="basedir" value="/Users/osh/project/spring-cloud-config-server"/>
    <property name="file.separator" value="/"/>
    <property name="line.separator" value="&#10;"/>
    <property name="java.vm.specification.vendor" value="Oracle Corporation"/>
    <property name="java.specification.name" value="Java Platform API Specification"/>
    <property name="java.awt.graphicsenv" value="sun.awt.CGraphicsEnvironment"/>
    <property name="surefire.real.class.path" value="/Users/osh/project/spring-cloud-config-server/target/surefire/surefirebooter5165117737859031564.jar"/>
    <property name="sun.boot.class.path" value="/Library/Java/JavaVirtualMachines/amazon-corretto-8.jdk/Contents/Home/jre/lib/resources.jar:/Library/Java/JavaVirtualMachines/amazon-corretto-8.jdk/Contents/Home/jre/lib/rt.jar:/Library/Java/JavaVirtualMachines/amazon-corretto-8.jdk/Contents/Home/jre/lib/sunrsasign.jar:/Library/Java/JavaVirtualMachines/amazon-corretto-8.jdk/Contents/Home/jre/lib/jsse.jar:/Library/Java/JavaVirtualMachines/amazon-corretto-8.jdk/Contents/Home/jre/lib/jce.jar:/Library/Java/JavaVirtualMachines/amazon-corretto-8.jdk/Contents/Home/jre/lib/charsets.jar:/Library/Java/JavaVirtualMachines/amazon-corretto-8.jdk/Contents/Home/jre/lib/jfr.jar:/Library/Java/JavaVirtualMachines/amazon-corretto-8.jdk/Contents/Home/jre/classes"/>
    <property name="sun.management.compiler" value="HotSpot 64-Bit Tiered Compilers"/>
    <property name="ftp.nonProxyHosts" value="local|*.local|169.254/16|*.169.254/16"/>
    <property name="java.runtime.version" value="1.8.0_312-b07"/>
    <property name="user.name" value="osh"/>
    <property name="path.separator" value=":"/>
    <property name="os.version" value="12.1"/>
    <property name="java.endorsed.dirs" value="/Library/Java/JavaVirtualMachines/amazon-corretto-8.jdk/Contents/Home/jre/lib/endorsed"/>
    <property name="java.runtime.name" value="OpenJDK Runtime Environment"/>
    <property name="file.encoding" value="UTF-8"/>
    <property name="java.vm.name" value="OpenJDK 64-Bit Server VM"/>
    <property name="localRepository" value="/Users/osh/.m2/repository"/>
    <property name="java.vendor.url.bug" value="https://github.com/corretto/corretto-8/issues/"/>
    <property name="java.io.tmpdir" value="/var/folders/5l/jt247b0x623g7xkb_7n5dr040000gn/T/"/>
    <property name="idea.version" value="2021.3.1"/>
    <property name="java.version" value="1.8.0_312"/>
    <property name="user.dir" value="/Users/osh/project/spring-cloud-config-server"/>
    <property name="os.arch" value="x86_64"/>
    <property name="java.vm.specification.name" value="Java Virtual Machine Specification"/>
    <property name="java.awt.printerjob" value="sun.lwawt.macosx.CPrinterJob"/>
    <property name="user.language.format" value="ko-Kore"/>
    <property name="sun.os.patch.level" value="unknown"/>
    <property name="java.library.path" value="/Users/osh/Library/Java/Extensions:/Library/Java/Extensions:/Network/Library/Java/Extensions:/System/Library/Java/Extensions:/usr/lib/java:."/>
    <property name="java.vm.info" value="mixed mode"/>
    <property name="java.vendor" value="Amazon.com Inc."/>
    <property name="java.vm.version" value="25.312-b07"/>
    <property name="java.ext.dirs" value="/Users/osh/Library/Java/Extensions:/Library/Java/JavaVirtualMachines/amazon-corretto-8.jdk/Contents/Home/jre/lib/ext:/Library/Java/Extensions:/Network/Library/Java/Extensions:/System/Library/Java/Extensions:/usr/lib/java"/>
    <property name="sun.io.unicode.encoding" value="UnicodeBig"/>
    <property name="java.class.version" value="52.0"/>
    <property name="socksNonProxyHosts" value="local|*.local|169.254/16|*.169.254/16"/>
  </properties>
  <testcase name="contextLoads" classname="com.example.springcloudconfigserver.SpringCloudConfigServerApplicationTests" time="0.166"/>
</testsuite>